

================================================================
== Vitis HLS Report for 'write_to_output_Pipeline_VITIS_LOOP_44_1'
================================================================
* Date:           Wed Nov 13 16:40:10 2024

* Version:        2023.2 (Build 4023990 on Oct 11 2023)
* Project:        hls
* Solution:       solution1 (Vitis Kernel Flow Target)
* Product family: virtexuplusHBM
* Target device:  xcu55c-fsvh2892-2L-e


================================================================
== Performance Estimates
================================================================
+ Timing: 
    * Summary: 
    +--------+---------+----------+------------+
    |  Clock |  Target | Estimated| Uncertainty|
    +--------+---------+----------+------------+
    |ap_clk  |  5.00 ns|  3.650 ns|     1.35 ns|
    +--------+---------+----------+------------+

+ Latency: 
    * Summary: 
    +---------+---------+-----------+-----------+-----+-----+---------+
    |  Latency (cycles) |   Latency (absolute)  |  Interval | Pipeline|
    |   min   |   max   |    min    |    max    | min | max |   Type  |
    +---------+---------+-----------+-----------+-----+-----+---------+
    |       19|       19|  95.000 ns|  95.000 ns|   19|   19|       no|
    +---------+---------+-----------+-----------+-----+-----+---------+

    + Detail: 
        * Instance: 
        N/A

        * Loop: 
        +-------------------+---------+---------+----------+-----------+-----------+------+----------+
        |                   |  Latency (cycles) | Iteration|  Initiation Interval  | Trip |          |
        |     Loop Name     |   min   |   max   |  Latency |  achieved |   target  | Count| Pipelined|
        +-------------------+---------+---------+----------+-----------+-----------+------+----------+
        |- VITIS_LOOP_44_1  |       17|       17|         3|          1|          1|    16|       yes|
        +-------------------+---------+---------+----------+-----------+-----------+------+----------+



================================================================
== Utilization Estimates
================================================================
* Summary: 
+---------------------+---------+------+---------+---------+-----+
|         Name        | BRAM_18K|  DSP |    FF   |   LUT   | URAM|
+---------------------+---------+------+---------+---------+-----+
|DSP                  |        -|     -|        -|        -|    -|
|Expression           |        -|     -|        0|       22|    -|
|FIFO                 |        -|     -|        -|        -|    -|
|Instance             |        -|     -|        -|        -|    -|
|Memory               |        -|     -|        -|        -|    -|
|Multiplexer          |        -|     -|        -|       54|    -|
|Register             |        -|     -|      526|        -|    -|
+---------------------+---------+------+---------+---------+-----+
|Total                |        0|     0|      526|       76|    0|
+---------------------+---------+------+---------+---------+-----+
|Available SLR        |     1344|  3008|   869120|   434560|  320|
+---------------------+---------+------+---------+---------+-----+
|Utilization SLR (%)  |        0|     0|       ~0|       ~0|    0|
+---------------------+---------+------+---------+---------+-----+
|Available            |     4032|  9024|  2607360|  1303680|  960|
+---------------------+---------+------+---------+---------+-----+
|Utilization (%)      |        0|     0|       ~0|       ~0|    0|
+---------------------+---------+------+---------+---------+-----+

+ Detail: 
    * Instance: 
    N/A

    * DSP: 
    N/A

    * Memory: 
    N/A

    * FIFO: 
    N/A

    * Expression: 
    +---------------------------+----------+----+---+----+------------+------------+
    |       Variable Name       | Operation| DSP| FF| LUT| Bitwidth P0| Bitwidth P1|
    +---------------------------+----------+----+---+----+------------+------------+
    |add_ln44_fu_98_p2          |         +|   0|  0|  16|           9|           5|
    |ap_block_pp0_stage0_01001  |       and|   0|  0|   2|           1|           1|
    |ap_block_pp0_stage0_11001  |        or|   0|  0|   2|           1|           1|
    |ap_enable_pp0              |       xor|   0|  0|   2|           1|           2|
    +---------------------------+----------+----+---+----+------------+------------+
    |Total                      |          |   0|  0|  22|          12|           9|
    +---------------------------+----------+----+---+----+------------+------------+

    * Multiplexer: 
    +-------------------------+----+-----------+-----+-----------+
    |           Name          | LUT| Input Size| Bits| Total Bits|
    +-------------------------+----+-----------+-----+-----------+
    |ap_done_int              |   9|          2|    1|          2|
    |ap_enable_reg_pp0_iter1  |   9|          2|    1|          2|
    |ap_sig_allocacmp_i_1     |   9|          2|    9|         18|
    |gmem_blk_n_W             |   9|          2|    1|          2|
    |i_fu_54                  |   9|          2|    9|         18|
    |output_stream_blk_n      |   9|          2|    1|          2|
    +-------------------------+----+-----------+-----+-----------+
    |Total                    |  54|         12|   22|         44|
    +-------------------------+----+-----------+-----+-----------+

    * Register: 
    +----------------------------------+-----+----+-----+-----------+
    |               Name               |  FF | LUT| Bits| Const Bits|
    +----------------------------------+-----+----+-----+-----------+
    |ap_CS_fsm                         |    1|   0|    1|          0|
    |ap_done_reg                       |    1|   0|    1|          0|
    |ap_enable_reg_pp0_iter1           |    1|   0|    1|          0|
    |ap_enable_reg_pp0_iter2           |    1|   0|    1|          0|
    |ap_loop_exit_ready_pp0_iter1_reg  |    1|   0|    1|          0|
    |i_fu_54                           |    9|   0|    9|          0|
    |output_stream_read_reg_131        |  512|   0|  512|          0|
    +----------------------------------+-----+----+-----+-----------+
    |Total                             |  526|   0|  526|          0|
    +----------------------------------+-----+----+-----+-----------+



================================================================
== Interface
================================================================
* Summary: 
+------------------------------+-----+-----+------------+------------------------------------------+--------------+
|           RTL Ports          | Dir | Bits|  Protocol  |               Source Object              |    C Type    |
+------------------------------+-----+-----+------------+------------------------------------------+--------------+
|ap_clk                        |   in|    1|  ap_ctrl_hs|  write_to_output_Pipeline_VITIS_LOOP_44_1|  return value|
|ap_rst                        |   in|    1|  ap_ctrl_hs|  write_to_output_Pipeline_VITIS_LOOP_44_1|  return value|
|ap_start                      |   in|    1|  ap_ctrl_hs|  write_to_output_Pipeline_VITIS_LOOP_44_1|  return value|
|ap_done                       |  out|    1|  ap_ctrl_hs|  write_to_output_Pipeline_VITIS_LOOP_44_1|  return value|
|ap_idle                       |  out|    1|  ap_ctrl_hs|  write_to_output_Pipeline_VITIS_LOOP_44_1|  return value|
|ap_ready                      |  out|    1|  ap_ctrl_hs|  write_to_output_Pipeline_VITIS_LOOP_44_1|  return value|
|output_stream_dout            |   in|  512|     ap_fifo|                             output_stream|       pointer|
|output_stream_num_data_valid  |   in|    3|     ap_fifo|                             output_stream|       pointer|
|output_stream_fifo_cap        |   in|    3|     ap_fifo|                             output_stream|       pointer|
|output_stream_empty_n         |   in|    1|     ap_fifo|                             output_stream|       pointer|
|output_stream_read            |  out|    1|     ap_fifo|                             output_stream|       pointer|
|m_axi_gmem_AWVALID            |  out|    1|       m_axi|                                      gmem|       pointer|
|m_axi_gmem_AWREADY            |   in|    1|       m_axi|                                      gmem|       pointer|
|m_axi_gmem_AWADDR             |  out|   64|       m_axi|                                      gmem|       pointer|
|m_axi_gmem_AWID               |  out|    1|       m_axi|                                      gmem|       pointer|
|m_axi_gmem_AWLEN              |  out|   32|       m_axi|                                      gmem|       pointer|
|m_axi_gmem_AWSIZE             |  out|    3|       m_axi|                                      gmem|       pointer|
|m_axi_gmem_AWBURST            |  out|    2|       m_axi|                                      gmem|       pointer|
|m_axi_gmem_AWLOCK             |  out|    2|       m_axi|                                      gmem|       pointer|
|m_axi_gmem_AWCACHE            |  out|    4|       m_axi|                                      gmem|       pointer|
|m_axi_gmem_AWPROT             |  out|    3|       m_axi|                                      gmem|       pointer|
|m_axi_gmem_AWQOS              |  out|    4|       m_axi|                                      gmem|       pointer|
|m_axi_gmem_AWREGION           |  out|    4|       m_axi|                                      gmem|       pointer|
|m_axi_gmem_AWUSER             |  out|    1|       m_axi|                                      gmem|       pointer|
|m_axi_gmem_WVALID             |  out|    1|       m_axi|                                      gmem|       pointer|
|m_axi_gmem_WREADY             |   in|    1|       m_axi|                                      gmem|       pointer|
|m_axi_gmem_WDATA              |  out|  512|       m_axi|                                      gmem|       pointer|
|m_axi_gmem_WSTRB              |  out|   64|       m_axi|                                      gmem|       pointer|
|m_axi_gmem_WLAST              |  out|    1|       m_axi|                                      gmem|       pointer|
|m_axi_gmem_WID                |  out|    1|       m_axi|                                      gmem|       pointer|
|m_axi_gmem_WUSER              |  out|    1|       m_axi|                                      gmem|       pointer|
|m_axi_gmem_ARVALID            |  out|    1|       m_axi|                                      gmem|       pointer|
|m_axi_gmem_ARREADY            |   in|    1|       m_axi|                                      gmem|       pointer|
|m_axi_gmem_ARADDR             |  out|   64|       m_axi|                                      gmem|       pointer|
|m_axi_gmem_ARID               |  out|    1|       m_axi|                                      gmem|       pointer|
|m_axi_gmem_ARLEN              |  out|   32|       m_axi|                                      gmem|       pointer|
|m_axi_gmem_ARSIZE             |  out|    3|       m_axi|                                      gmem|       pointer|
|m_axi_gmem_ARBURST            |  out|    2|       m_axi|                                      gmem|       pointer|
|m_axi_gmem_ARLOCK             |  out|    2|       m_axi|                                      gmem|       pointer|
|m_axi_gmem_ARCACHE            |  out|    4|       m_axi|                                      gmem|       pointer|
|m_axi_gmem_ARPROT             |  out|    3|       m_axi|                                      gmem|       pointer|
|m_axi_gmem_ARQOS              |  out|    4|       m_axi|                                      gmem|       pointer|
|m_axi_gmem_ARREGION           |  out|    4|       m_axi|                                      gmem|       pointer|
|m_axi_gmem_ARUSER             |  out|    1|       m_axi|                                      gmem|       pointer|
|m_axi_gmem_RVALID             |   in|    1|       m_axi|                                      gmem|       pointer|
|m_axi_gmem_RREADY             |  out|    1|       m_axi|                                      gmem|       pointer|
|m_axi_gmem_RDATA              |   in|  512|       m_axi|                                      gmem|       pointer|
|m_axi_gmem_RLAST              |   in|    1|       m_axi|                                      gmem|       pointer|
|m_axi_gmem_RID                |   in|    1|       m_axi|                                      gmem|       pointer|
|m_axi_gmem_RFIFONUM           |   in|    9|       m_axi|                                      gmem|       pointer|
|m_axi_gmem_RUSER              |   in|    1|       m_axi|                                      gmem|       pointer|
|m_axi_gmem_RRESP              |   in|    2|       m_axi|                                      gmem|       pointer|
|m_axi_gmem_BVALID             |   in|    1|       m_axi|                                      gmem|       pointer|
|m_axi_gmem_BREADY             |  out|    1|       m_axi|                                      gmem|       pointer|
|m_axi_gmem_BRESP              |   in|    2|       m_axi|                                      gmem|       pointer|
|m_axi_gmem_BID                |   in|    1|       m_axi|                                      gmem|       pointer|
|m_axi_gmem_BUSER              |   in|    1|       m_axi|                                      gmem|       pointer|
|sext_ln44                     |   in|   58|     ap_none|                                 sext_ln44|        scalar|
+------------------------------+-----+-----+------------+------------------------------------------+--------------+

============================================================
+ Verbose Summary: Synthesis Manager
============================================================
InlineROM: 1
ExposeGlobal: 0
============================================================
+ Verbose Summary: CDFG Model
============================================================
IsTopModel: 0
ResetActiveHigh: 1
IsCombinational: 2
IsDatapathOnly: 2
HasWiredReturn: 1
HasMFsm: 2
HasVarLatency: 1
IsPipeline: 0
IsRtlPipelined: 0
IsInstanceOverlapped: 0
IsDontTouch: 0
HasImplIP: 0
IsGatedGlobalClock: 0

+ Individual pipeline summary: 
  * Pipeline-0: initiation interval (II) = 1, depth = 3


============================================================
+ Verbose Summary: Schedule
============================================================
* Number of FSM states : 3
* Pipeline : 1
  Pipeline-0 : II = 1, D = 3, States = { 1 2 3 }
* Dataflow Pipeline: 0

* FSM state transitions: 
1 --> 2 
2 --> 3 
3 --> 

* FSM state operations: 

State 1 <SV = 0> <Delay = 1.48>
ST_1 : Operation 6 [1/1] (0.00ns)   --->   "%i = alloca i32 1" [./src/streamhls.cpp:44]   --->   Operation 6 'alloca' 'i' <Predicate = true> <Delay = 0.00>
ST_1 : Operation 7 [1/1] (0.00ns)   --->   "%sext_ln44_read = read i58 @_ssdm_op_Read.ap_auto.i58, i58 %sext_ln44"   --->   Operation 7 'read' 'sext_ln44_read' <Predicate = true> <Delay = 0.00>
ST_1 : Operation 8 [1/1] (0.00ns)   --->   "%sext_ln44_cast = sext i58 %sext_ln44_read"   --->   Operation 8 'sext' 'sext_ln44_cast' <Predicate = true> <Delay = 0.00>
ST_1 : Operation 9 [1/1] (0.00ns)   --->   "%specinterface_ln0 = specinterface void @_ssdm_op_SpecInterface, i512 %gmem, void @empty, i32 0, i32 0, void @empty_7, i32 64, i32 0, void @empty_0, void @empty_1, void @empty_7, i32 16, i32 16, i32 16, i32 16, void @empty_7, void @empty_7, i32 4294967295, i32 0"   --->   Operation 9 'specinterface' 'specinterface_ln0' <Predicate = true> <Delay = 0.00>
ST_1 : Operation 10 [1/1] (0.00ns)   --->   "%specinterface_ln0 = specinterface void @_ssdm_op_SpecInterface, i512 %output_stream, void @empty_12, i32 0, i32 0, void @empty_7, i32 0, i32 0, void @empty_7, void @empty_7, void @empty_7, i32 0, i32 0, i32 0, i32 0, void @empty_7, void @empty_7, i32 4294967295, i32 0"   --->   Operation 10 'specinterface' 'specinterface_ln0' <Predicate = true> <Delay = 0.00>
ST_1 : Operation 11 [1/1] (0.38ns)   --->   "%store_ln44 = store i9 0, i9 %i" [./src/streamhls.cpp:44]   --->   Operation 11 'store' 'store_ln44' <Predicate = true> <Delay = 0.38>
ST_1 : Operation 12 [1/1] (0.00ns)   --->   "%br_ln0 = br void %VITIS_LOOP_47_2"   --->   Operation 12 'br' 'br_ln0' <Predicate = true> <Delay = 0.00>
ST_1 : Operation 13 [1/1] (0.00ns)   --->   "%i_1 = load i9 %i" [./src/streamhls.cpp:44]   --->   Operation 13 'load' 'i_1' <Predicate = true> <Delay = 0.00>
ST_1 : Operation 14 [1/1] (0.00ns)   --->   "%tmp = bitselect i1 @_ssdm_op_BitSelect.i1.i9.i32, i9 %i_1, i32 8" [./src/streamhls.cpp:44]   --->   Operation 14 'bitselect' 'tmp' <Predicate = true> <Delay = 0.00>
ST_1 : Operation 15 [1/1] (0.00ns)   --->   "%br_ln44 = br i1 %tmp, void %VITIS_LOOP_47_2.split, void %for.end7.exitStub" [./src/streamhls.cpp:44]   --->   Operation 15 'br' 'br_ln44' <Predicate = true> <Delay = 0.00>
ST_1 : Operation 16 [1/1] (0.71ns)   --->   "%add_ln44 = add i9 %i_1, i9 16" [./src/streamhls.cpp:44]   --->   Operation 16 'add' 'add_ln44' <Predicate = (!tmp)> <Delay = 0.71> <CoreInst = "Adder">   --->   Core 1 'Adder' <Latency = 0> <II = 1> <Delay = 0.71> <FuncUnit> <Opcode : 'add' 'sub'> <InPorts = 2> <OutPorts = 1>
ST_1 : Operation 17 [1/1] (0.38ns)   --->   "%store_ln44 = store i9 %add_ln44, i9 %i" [./src/streamhls.cpp:44]   --->   Operation 17 'store' 'store_ln44' <Predicate = (!tmp)> <Delay = 0.38>

State 2 <SV = 1> <Delay = 1.20>
ST_2 : Operation 18 [1/1] (1.20ns)   --->   "%output_stream_read = read i512 @_ssdm_op_Read.ap_fifo.volatile.i512P0A, i512 %output_stream" [./src/streamhls.cpp:46]   --->   Operation 18 'read' 'output_stream_read' <Predicate = true> <Delay = 1.20> <CoreInst = "FIFO">   --->   Core 78 'FIFO' <Latency = 0> <II = 1> <Delay = 1.20> <Storage> <Opcode : 'read' 'write' 'nbread' 'nbwrite'> <Ports = 0> <Width = 512> <Depth = 4> <FIFO>
ST_2 : Operation 25 [1/1] (0.00ns)   --->   "%ret_ln0 = ret"   --->   Operation 25 'ret' 'ret_ln0' <Predicate = (tmp)> <Delay = 0.00>

State 3 <SV = 2> <Delay = 3.65>
ST_3 : Operation 19 [1/1] (0.00ns)   --->   "%gmem_addr = getelementptr i512 %gmem, i64 %sext_ln44_cast" [./src/streamhls.cpp:44]   --->   Operation 19 'getelementptr' 'gmem_addr' <Predicate = true> <Delay = 0.00>
ST_3 : Operation 20 [1/1] (0.00ns)   --->   "%specpipeline_ln45 = specpipeline void @_ssdm_op_SpecPipeline, i32 1, i32 0, i32 0, i32 0, void @empty_7" [./src/streamhls.cpp:45]   --->   Operation 20 'specpipeline' 'specpipeline_ln45' <Predicate = true> <Delay = 0.00>
ST_3 : Operation 21 [1/1] (0.00ns)   --->   "%speclooptripcount_ln44 = speclooptripcount void @_ssdm_op_SpecLoopTripCount, i64 16, i64 16, i64 16" [./src/streamhls.cpp:44]   --->   Operation 21 'speclooptripcount' 'speclooptripcount_ln44' <Predicate = true> <Delay = 0.00>
ST_3 : Operation 22 [1/1] (0.00ns)   --->   "%specloopname_ln44 = specloopname void @_ssdm_op_SpecLoopName, void @empty_6" [./src/streamhls.cpp:44]   --->   Operation 22 'specloopname' 'specloopname_ln44' <Predicate = true> <Delay = 0.00>
ST_3 : Operation 23 [1/1] (3.65ns)   --->   "%write_ln44 = write void @_ssdm_op_Write.m_axi.p1i512, i64 %gmem_addr, i512 %output_stream_read, i64 18446744073709551615" [./src/streamhls.cpp:44]   --->   Operation 23 'write' 'write_ln44' <Predicate = true> <Delay = 3.65> <CoreInst = "m_axi">   --->   Core 121 'm_axi' <Latency = 0> <II = 1> <Delay = 1.00> <Adapter> <Opcode : 'read' 'write' 'readreq' 'writereq' 'writeresp'>
ST_3 : Operation 24 [1/1] (0.00ns)   --->   "%br_ln44 = br void %VITIS_LOOP_47_2" [./src/streamhls.cpp:44]   --->   Operation 24 'br' 'br_ln44' <Predicate = true> <Delay = 0.00>


============================================================
+ Verbose Summary: Binding
============================================================
STG Binding: 
---------------- STG Properties BEGIN ----------------
- Is combinational: 0
- Is one-state seq: 0
- Is datapath-only: 0
- Is pipelined: 0
- Is top level: 0
Port [ Return ] is wired: 1; IO mode=ap_ctrl_hs:ce=0
Port [ gmem]:  wired=1; compound=1; hidden=0; nouse=0; global=0; static=0; extern=0; dir=1; type=4; pingpong=0; private_global=0; IO mode=m_axi:ce=0
Port [ sext_ln44]:  wired=1; compound=0; hidden=0; nouse=0; global=0; static=0; extern=0; dir=0; type=0; pingpong=0; private_global=0; IO mode=ap_none:ce=0
Port [ output_stream]:  wired=1; compound=1; hidden=0; nouse=0; global=0; static=0; extern=0; dir=0; type=3; pingpong=0; private_global=0; IO mode=ap_fifo:ce=0
---------------- STG Properties END ------------------

---------------- Datapath Model BEGIN ----------------

<LifeTime>
<method=bitvector/>
i                      (alloca           ) [ 0100]
sext_ln44_read         (read             ) [ 0000]
sext_ln44_cast         (sext             ) [ 0111]
specinterface_ln0      (specinterface    ) [ 0000]
specinterface_ln0      (specinterface    ) [ 0000]
store_ln44             (store            ) [ 0000]
br_ln0                 (br               ) [ 0000]
i_1                    (load             ) [ 0000]
tmp                    (bitselect        ) [ 0110]
br_ln44                (br               ) [ 0000]
add_ln44               (add              ) [ 0000]
store_ln44             (store            ) [ 0000]
output_stream_read     (read             ) [ 0101]
gmem_addr              (getelementptr    ) [ 0000]
specpipeline_ln45      (specpipeline     ) [ 0000]
speclooptripcount_ln44 (speclooptripcount) [ 0000]
specloopname_ln44      (specloopname     ) [ 0000]
write_ln44             (write            ) [ 0000]
br_ln44                (br               ) [ 0000]
ret_ln0                (ret              ) [ 0000]
</LifeTime>

<model>

<comp_list>
<comp id="0" class="1000" name="gmem">
<pin_list>
<pin id="1" dir="1" index="0" bw="1" slack="0"/>
</pin_list>
<bind>
<StgValue><ssdm name="gmem"/></StgValue>
</bind>
</comp>

<comp id="2" class="1000" name="sext_ln44">
<pin_list>
<pin id="3" dir="1" index="0" bw="1" slack="0"/>
</pin_list>
<bind>
<StgValue><ssdm name="sext_ln44"/></StgValue>
</bind>
</comp>

<comp id="4" class="1000" name="output_stream">
<pin_list>
<pin id="5" dir="1" index="0" bw="1" slack="0"/>
</pin_list>
<bind>
<StgValue><ssdm name="output_stream"/></StgValue>
</bind>
</comp>

<comp id="6" class="1001" name="const_6">
<pin_list>
<pin id="7" dir="1" index="0" bw="1" slack="0"/>
</pin_list>
<bind>
<StgValue><ssdm name=""/></StgValue>
</bind>
</comp>

<comp id="8" class="1001" name="const_8">
<pin_list>
<pin id="9" dir="1" index="0" bw="1" slack="0"/>
</pin_list>
<bind>
<StgValue><ssdm name="_ssdm_op_Read.ap_auto.i58"/></StgValue>
</bind>
</comp>

<comp id="10" class="1001" name="const_10">
<pin_list>
<pin id="11" dir="1" index="0" bw="1" slack="2147483647"/>
</pin_list>
<bind>
<StgValue><ssdm name="_ssdm_op_SpecInterface"/></StgValue>
</bind>
</comp>

<comp id="12" class="1001" name="const_12">
<pin_list>
<pin id="13" dir="1" index="0" bw="1" slack="2147483647"/>
</pin_list>
<bind>
<StgValue><ssdm name="empty"/></StgValue>
</bind>
</comp>

<comp id="14" class="1001" name="const_14">
<pin_list>
<pin id="15" dir="1" index="0" bw="1" slack="2147483647"/>
</pin_list>
<bind>
<StgValue><ssdm name=""/></StgValue>
</bind>
</comp>

<comp id="16" class="1001" name="const_16">
<pin_list>
<pin id="17" dir="1" index="0" bw="1" slack="2147483647"/>
</pin_list>
<bind>
<StgValue><ssdm name="empty_7"/></StgValue>
</bind>
</comp>

<comp id="18" class="1001" name="const_18">
<pin_list>
<pin id="19" dir="1" index="0" bw="1" slack="2147483647"/>
</pin_list>
<bind>
<StgValue><ssdm name=""/></StgValue>
</bind>
</comp>

<comp id="20" class="1001" name="const_20">
<pin_list>
<pin id="21" dir="1" index="0" bw="1" slack="2147483647"/>
</pin_list>
<bind>
<StgValue><ssdm name="empty_0"/></StgValue>
</bind>
</comp>

<comp id="22" class="1001" name="const_22">
<pin_list>
<pin id="23" dir="1" index="0" bw="1" slack="2147483647"/>
</pin_list>
<bind>
<StgValue><ssdm name="empty_1"/></StgValue>
</bind>
</comp>

<comp id="24" class="1001" name="const_24">
<pin_list>
<pin id="25" dir="1" index="0" bw="1" slack="2147483647"/>
</pin_list>
<bind>
<StgValue><ssdm name=""/></StgValue>
</bind>
</comp>

<comp id="26" class="1001" name="const_26">
<pin_list>
<pin id="27" dir="1" index="0" bw="1" slack="2147483647"/>
</pin_list>
<bind>
<StgValue><ssdm name=""/></StgValue>
</bind>
</comp>

<comp id="28" class="1001" name="const_28">
<pin_list>
<pin id="29" dir="1" index="0" bw="1" slack="2147483647"/>
</pin_list>
<bind>
<StgValue><ssdm name="empty_12"/></StgValue>
</bind>
</comp>

<comp id="30" class="1001" name="const_30">
<pin_list>
<pin id="31" dir="1" index="0" bw="1" slack="0"/>
</pin_list>
<bind>
<StgValue><ssdm name=""/></StgValue>
</bind>
</comp>

<comp id="32" class="1001" name="const_32">
<pin_list>
<pin id="33" dir="1" index="0" bw="1" slack="0"/>
</pin_list>
<bind>
<StgValue><ssdm name="_ssdm_op_BitSelect.i1.i9.i32"/></StgValue>
</bind>
</comp>

<comp id="34" class="1001" name="const_34">
<pin_list>
<pin id="35" dir="1" index="0" bw="1" slack="0"/>
</pin_list>
<bind>
<StgValue><ssdm name=""/></StgValue>
</bind>
</comp>

<comp id="36" class="1001" name="const_36">
<pin_list>
<pin id="37" dir="1" index="0" bw="1" slack="0"/>
</pin_list>
<bind>
<StgValue><ssdm name=""/></StgValue>
</bind>
</comp>

<comp id="38" class="1001" name="const_38">
<pin_list>
<pin id="39" dir="1" index="0" bw="1" slack="0"/>
</pin_list>
<bind>
<StgValue><ssdm name="_ssdm_op_Read.ap_fifo.volatile.i512P0A"/></StgValue>
</bind>
</comp>

<comp id="40" class="1001" name="const_40">
<pin_list>
<pin id="41" dir="1" index="0" bw="1" slack="2147483647"/>
</pin_list>
<bind>
<StgValue><ssdm name="_ssdm_op_SpecPipeline"/></StgValue>
</bind>
</comp>

<comp id="42" class="1001" name="const_42">
<pin_list>
<pin id="43" dir="1" index="0" bw="1" slack="2147483647"/>
</pin_list>
<bind>
<StgValue><ssdm name="_ssdm_op_SpecLoopTripCount"/></StgValue>
</bind>
</comp>

<comp id="44" class="1001" name="const_44">
<pin_list>
<pin id="45" dir="1" index="0" bw="1" slack="2147483647"/>
</pin_list>
<bind>
<StgValue><ssdm name=""/></StgValue>
</bind>
</comp>

<comp id="46" class="1001" name="const_46">
<pin_list>
<pin id="47" dir="1" index="0" bw="1" slack="2147483647"/>
</pin_list>
<bind>
<StgValue><ssdm name="_ssdm_op_SpecLoopName"/></StgValue>
</bind>
</comp>

<comp id="48" class="1001" name="const_48">
<pin_list>
<pin id="49" dir="1" index="0" bw="1" slack="2147483647"/>
</pin_list>
<bind>
<StgValue><ssdm name="empty_6"/></StgValue>
</bind>
</comp>

<comp id="50" class="1001" name="const_50">
<pin_list>
<pin id="51" dir="1" index="0" bw="1" slack="0"/>
</pin_list>
<bind>
<StgValue><ssdm name="_ssdm_op_Write.m_axi.p1i512"/></StgValue>
</bind>
</comp>

<comp id="52" class="1001" name="const_52">
<pin_list>
<pin id="53" dir="1" index="0" bw="1" slack="0"/>
</pin_list>
<bind>
<StgValue><ssdm name=""/></StgValue>
</bind>
</comp>

<comp id="54" class="1004" name="i_fu_54">
<pin_list>
<pin id="55" dir="0" index="0" bw="1" slack="0"/>
<pin id="56" dir="1" index="1" bw="9" slack="0"/>
</pin_list>
<bind>
<opcode="alloca(26) " fcode="alloca"/>
<opset="i/1 "/>
</bind>
</comp>

<comp id="58" class="1004" name="sext_ln44_read_read_fu_58">
<pin_list>
<pin id="59" dir="0" index="0" bw="58" slack="0"/>
<pin id="60" dir="0" index="1" bw="58" slack="0"/>
<pin id="61" dir="1" index="2" bw="58" slack="0"/>
</pin_list>
<bind>
<opcode="read(1150) " fcode="read"/>
<opset="sext_ln44_read/1 "/>
</bind>
</comp>

<comp id="64" class="1004" name="output_stream_read_read_fu_64">
<pin_list>
<pin id="65" dir="0" index="0" bw="512" slack="0"/>
<pin id="66" dir="0" index="1" bw="512" slack="0"/>
<pin id="67" dir="1" index="2" bw="512" slack="1"/>
</pin_list>
<bind>
<opcode="read(1150) " fcode="read"/>
<opset="output_stream_read/2 "/>
</bind>
</comp>

<comp id="70" class="1004" name="write_ln44_write_fu_70">
<pin_list>
<pin id="71" dir="0" index="0" bw="0" slack="0"/>
<pin id="72" dir="0" index="1" bw="512" slack="0"/>
<pin id="73" dir="0" index="2" bw="512" slack="1"/>
<pin id="74" dir="0" index="3" bw="1" slack="0"/>
<pin id="75" dir="1" index="4" bw="0" slack="2147483647"/>
</pin_list>
<bind>
<opcode="write(1151) " fcode="write"/>
<opset="write_ln44/3 "/>
</bind>
</comp>

<comp id="78" class="1004" name="sext_ln44_cast_fu_78">
<pin_list>
<pin id="79" dir="0" index="0" bw="58" slack="0"/>
<pin id="80" dir="1" index="1" bw="64" slack="2"/>
</pin_list>
<bind>
<opcode="sext(35) " fcode="sext"/>
<opset="sext_ln44_cast/1 "/>
</bind>
</comp>

<comp id="82" class="1004" name="store_ln44_store_fu_82">
<pin_list>
<pin id="83" dir="0" index="0" bw="1" slack="0"/>
<pin id="84" dir="0" index="1" bw="9" slack="0"/>
<pin id="85" dir="1" index="2" bw="0" slack="2147483647"/>
</pin_list>
<bind>
<opcode="store(28) " fcode="store"/>
<opset="store_ln44/1 "/>
</bind>
</comp>

<comp id="87" class="1004" name="i_1_load_fu_87">
<pin_list>
<pin id="88" dir="0" index="0" bw="9" slack="0"/>
<pin id="89" dir="1" index="1" bw="9" slack="0"/>
</pin_list>
<bind>
<opcode="load(27) " fcode="load"/>
<opset="i_1/1 "/>
</bind>
</comp>

<comp id="90" class="1004" name="tmp_fu_90">
<pin_list>
<pin id="91" dir="0" index="0" bw="1" slack="0"/>
<pin id="92" dir="0" index="1" bw="9" slack="0"/>
<pin id="93" dir="0" index="2" bw="5" slack="0"/>
<pin id="94" dir="1" index="3" bw="1" slack="1"/>
</pin_list>
<bind>
<opcode="bitselect(1000) " fcode="bitselect"/>
<opset="tmp/1 "/>
</bind>
</comp>

<comp id="98" class="1004" name="add_ln44_fu_98">
<pin_list>
<pin id="99" dir="0" index="0" bw="9" slack="0"/>
<pin id="100" dir="0" index="1" bw="6" slack="0"/>
<pin id="101" dir="1" index="2" bw="9" slack="0"/>
</pin_list>
<bind>
<opcode="add(8) " fcode="add"/>
<opset="add_ln44/1 "/>
</bind>
</comp>

<comp id="104" class="1004" name="store_ln44_store_fu_104">
<pin_list>
<pin id="105" dir="0" index="0" bw="9" slack="0"/>
<pin id="106" dir="0" index="1" bw="9" slack="0"/>
<pin id="107" dir="1" index="2" bw="0" slack="2147483647"/>
</pin_list>
<bind>
<opcode="store(28) " fcode="store"/>
<opset="store_ln44/1 "/>
</bind>
</comp>

<comp id="109" class="1004" name="gmem_addr_fu_109">
<pin_list>
<pin id="110" dir="0" index="0" bw="64" slack="0"/>
<pin id="111" dir="0" index="1" bw="64" slack="2"/>
<pin id="112" dir="1" index="2" bw="64" slack="0"/>
</pin_list>
<bind>
<opcode="getelementptr(29) " fcode="getelementptr"/>
<opset="gmem_addr/3 "/>
</bind>
</comp>

<comp id="115" class="1005" name="i_reg_115">
<pin_list>
<pin id="116" dir="0" index="0" bw="9" slack="0"/>
<pin id="117" dir="1" index="1" bw="9" slack="0"/>
</pin_list>
<bind>
<opset="i "/>
</bind>
</comp>

<comp id="122" class="1005" name="sext_ln44_cast_reg_122">
<pin_list>
<pin id="123" dir="0" index="0" bw="64" slack="2"/>
<pin id="124" dir="1" index="1" bw="64" slack="2"/>
</pin_list>
<bind>
<opset="sext_ln44_cast "/>
</bind>
</comp>

<comp id="127" class="1005" name="tmp_reg_127">
<pin_list>
<pin id="128" dir="0" index="0" bw="1" slack="1"/>
<pin id="129" dir="1" index="1" bw="1" slack="2147483647"/>
</pin_list>
<bind>
<opset="tmp "/>
</bind>
</comp>

<comp id="131" class="1005" name="output_stream_read_reg_131">
<pin_list>
<pin id="132" dir="0" index="0" bw="512" slack="1"/>
<pin id="133" dir="1" index="1" bw="512" slack="1"/>
</pin_list>
<bind>
<opset="output_stream_read "/>
</bind>
</comp>

</comp_list>

<net_list>
<net id="57"><net_src comp="6" pin="0"/><net_sink comp="54" pin=0"/></net>

<net id="62"><net_src comp="8" pin="0"/><net_sink comp="58" pin=0"/></net>

<net id="63"><net_src comp="2" pin="0"/><net_sink comp="58" pin=1"/></net>

<net id="68"><net_src comp="38" pin="0"/><net_sink comp="64" pin=0"/></net>

<net id="69"><net_src comp="4" pin="0"/><net_sink comp="64" pin=1"/></net>

<net id="76"><net_src comp="50" pin="0"/><net_sink comp="70" pin=0"/></net>

<net id="77"><net_src comp="52" pin="0"/><net_sink comp="70" pin=3"/></net>

<net id="81"><net_src comp="58" pin="2"/><net_sink comp="78" pin=0"/></net>

<net id="86"><net_src comp="30" pin="0"/><net_sink comp="82" pin=0"/></net>

<net id="95"><net_src comp="32" pin="0"/><net_sink comp="90" pin=0"/></net>

<net id="96"><net_src comp="87" pin="1"/><net_sink comp="90" pin=1"/></net>

<net id="97"><net_src comp="34" pin="0"/><net_sink comp="90" pin=2"/></net>

<net id="102"><net_src comp="87" pin="1"/><net_sink comp="98" pin=0"/></net>

<net id="103"><net_src comp="36" pin="0"/><net_sink comp="98" pin=1"/></net>

<net id="108"><net_src comp="98" pin="2"/><net_sink comp="104" pin=0"/></net>

<net id="113"><net_src comp="0" pin="0"/><net_sink comp="109" pin=0"/></net>

<net id="114"><net_src comp="109" pin="2"/><net_sink comp="70" pin=1"/></net>

<net id="118"><net_src comp="54" pin="1"/><net_sink comp="115" pin=0"/></net>

<net id="119"><net_src comp="115" pin="1"/><net_sink comp="82" pin=1"/></net>

<net id="120"><net_src comp="115" pin="1"/><net_sink comp="87" pin=0"/></net>

<net id="121"><net_src comp="115" pin="1"/><net_sink comp="104" pin=1"/></net>

<net id="125"><net_src comp="78" pin="1"/><net_sink comp="122" pin=0"/></net>

<net id="126"><net_src comp="122" pin="1"/><net_sink comp="109" pin=1"/></net>

<net id="130"><net_src comp="90" pin="3"/><net_sink comp="127" pin=0"/></net>

<net id="134"><net_src comp="64" pin="2"/><net_sink comp="131" pin=0"/></net>

<net id="135"><net_src comp="131" pin="1"/><net_sink comp="70" pin=2"/></net>

</net_list>

</model> 
---------------- Datapath Model END ------------------

* FSMD analyzer results:
  - Output states:
	Port: gmem | {3 }
	Port: output_stream | {}
 - Input state : 
	Port: write_to_output_Pipeline_VITIS_LOOP_44_1 : gmem | {}
	Port: write_to_output_Pipeline_VITIS_LOOP_44_1 : sext_ln44 | {1 }
	Port: write_to_output_Pipeline_VITIS_LOOP_44_1 : output_stream | {2 }
  - Chain level:
	State 1
		store_ln44 : 1
		i_1 : 1
		tmp : 2
		br_ln44 : 3
		add_ln44 : 2
		store_ln44 : 3
	State 2
	State 3
		write_ln44 : 1


============================================================
+ Verbose Summary: Datapath Resource usage 
============================================================

* Functional unit list:
|----------|-------------------------------|---------|---------|
| Operation|        Functional Unit        |    FF   |   LUT   |
|----------|-------------------------------|---------|---------|
|    add   |         add_ln44_fu_98        |    0    |    16   |
|----------|-------------------------------|---------|---------|
|   read   |   sext_ln44_read_read_fu_58   |    0    |    0    |
|          | output_stream_read_read_fu_64 |    0    |    0    |
|----------|-------------------------------|---------|---------|
|   write  |     write_ln44_write_fu_70    |    0    |    0    |
|----------|-------------------------------|---------|---------|
|   sext   |      sext_ln44_cast_fu_78     |    0    |    0    |
|----------|-------------------------------|---------|---------|
| bitselect|           tmp_fu_90           |    0    |    0    |
|----------|-------------------------------|---------|---------|
|   Total  |                               |    0    |    16   |
|----------|-------------------------------|---------|---------|

Memories:
N/A

* Register list:
+--------------------------+--------+
|                          |   FF   |
+--------------------------+--------+
|         i_reg_115        |    9   |
|output_stream_read_reg_131|   512  |
|  sext_ln44_cast_reg_122  |   64   |
|        tmp_reg_127       |    1   |
+--------------------------+--------+
|           Total          |   586  |
+--------------------------+--------+

* Multiplexer (MUX) list: 
|--------|------|------|------|--------|
|  Comp  |  Pin | Size |  BW  | S x BW |
|--------|------|------|------|--------|
|  Total |      |      |      |    0   |
|--------|------|------|------|--------|



* Summary:
+-----------+--------+--------+
|           |   FF   |   LUT  |
+-----------+--------+--------+
|  Function |    0   |   16   |
|   Memory  |    -   |    -   |
|Multiplexer|    -   |    -   |
|  Register |   586  |    -   |
+-----------+--------+--------+
|   Total   |   586  |   16   |
+-----------+--------+--------+
